########### array before sorts ###########
0	-0.635000	-2.857500	45.072500	-2.857500	n
1	45.072500	-2.857500	45.072500	34.597500	n
2	45.072500	34.597500	-0.635000	34.597500	n
3	-0.635000	34.597500	-0.635000	-2.857500	n
Tolerance=0.050000.
*Exact match for i=0 and j=1.
*i point -0.635000	-2.857500	45.072500	-2.857500	y
*Exact match for i=1 and j=2.
*i point 45.072500	-2.857500	45.072500	34.597500	y
*Exact match for i=2 and j=3.
*i point 45.072500	34.597500	-0.635000	34.597500	y
########### array after sorts ###########
0	-0.635000	-2.857500	45.072500	-2.857500	y
1	45.072500	-2.857500	45.072500	34.597500	y
2	45.072500	34.597500	-0.635000	34.597500	y
3	-0.635000	34.597500	-0.635000	-2.857500	y
***************
.BOARD_OUTLINE UNOWNED
1.6
0     -0.635000     -2.857500     0
0     45.072500     -2.857500     0
0     45.072500     34.597500     0
0     -0.635000     34.597500     0
0     -0.635000     -2.857500     0
